<?xml version="1.0" encoding="UTF-8"?>
<!-- Generated by org.testng.reporters.JUnitReportReporter -->
<testsuite hostname="AAAW46ZLPC0508" failures="0" tests="1" name="com.webfile.testcases.TC_Testwebfilelogin_01" time="113.158" errors="0" timestamp="2022-06-08T19:51:30 IST" skipped="0">
  <testcase classname="com.webfile.testcases.TC_Testwebfilelogin_01" name="Testuserlogin" time="113.158"/>
  <system-out/>
</testsuite> <!-- com.webfile.testcases.TC_Testwebfilelogin_01 -->
