<?xml version="1.0" encoding="UTF-8"?>
<!-- Generated by org.testng.reporters.JUnitReportReporter -->
<testsuite hostname="AAAW46ZLPC0508" failures="0" tests="1" name="com.webfile.testcases.TC_Testinvoicepayment" time="80.285" errors="0" timestamp="2022-05-20T16:49:02 IST" skipped="0">
  <testcase classname="com.webfile.testcases.TC_Testinvoicepayment" name="webfileinvoicepayment" time="80.285"/>
  <system-out/>
</testsuite> <!-- com.webfile.testcases.TC_Testinvoicepayment -->
