<?xml version="1.0" encoding="UTF-8"?>
<!-- Generated by org.testng.reporters.JUnitReportReporter -->
<testsuite hostname="AAAW46ZLPC0508" failures="0" tests="1" name="com.webfile.testcases.TC_Testviewmytasks" time="32.630" errors="0" timestamp="2022-06-08T18:05:02 IST" skipped="0">
  <testcase classname="com.webfile.testcases.TC_Testviewmytasks" name="Testviewmytasks" time="32.630"/>
  <system-out/>
</testsuite> <!-- com.webfile.testcases.TC_Testviewmytasks -->
