<?xml version="1.0" encoding="UTF-8"?>
<!-- Generated by org.testng.reporters.JUnitReportReporter -->
<testsuite hostname="AAAW46ZLPC0508" failures="0" tests="1" name="com.webfile.testcases.TC_Testfileanewcase" time="111.383" errors="0" timestamp="2022-05-20T16:49:02 IST" skipped="0">
  <testcase classname="com.webfile.testcases.TC_Testfileanewcase" name="Testfileacase" time="111.383"/>
  <system-out/>
</testsuite> <!-- com.webfile.testcases.TC_Testfileanewcase -->
